SF:lib/src/table.dart
DA:13,1
DA:14,3
DA:17,0
DA:18,0
DA:21,0
LF:5
LH:2
end_of_record
SF:lib/src/table_fields.dart
DA:17,1
DA:19,1
DA:20,1
DA:22,2
DA:24,0
DA:25,0
DA:27,0
DA:29,0
DA:30,0
DA:32,0
DA:33,0
DA:35,0
DA:36,0
DA:38,0
DA:39,0
DA:41,0
DA:42,0
DA:44,0
DA:45,0
DA:47,2
DA:49,6
DA:51,0
DA:52,0
DA:54,0
LF:24
LH:6
end_of_record
SF:lib/src/select.dart
DA:9,1
DA:10,2
DA:26,1
DA:40,1
DA:53,1
DA:54,1
DA:55,1
DA:56,1
DA:57,1
DA:58,1
DA:59,1
DA:60,1
DA:61,1
DA:62,1
DA:63,1
DA:64,1
DA:67,0
DA:69,2
DA:70,1
DA:71,2
DA:72,1
DA:74,1
DA:75,2
DA:77,1
DA:78,5
DA:79,5
DA:80,1
DA:82,1
DA:83,2
DA:84,5
DA:85,2
DA:86,1
DA:87,2
DA:88,2
DA:89,2
DA:90,5
DA:91,2
DA:92,1
DA:93,2
DA:94,2
DA:95,2
DA:96,5
DA:97,2
DA:98,4
DA:99,4
DA:101,6
DA:102,1
DA:106,2
DA:107,1
DA:108,2
DA:109,1
DA:111,2
DA:113,2
DA:115,2
DA:117,1
DA:118,1
DA:119,1
DA:120,2
DA:121,1
DA:122,1
DA:125,1
DA:126,3
DA:127,3
DA:128,3
DA:129,1
DA:132,2
DA:133,1
DA:134,2
DA:135,1
DA:137,2
DA:139,2
DA:140,1
DA:141,2
DA:142,2
DA:144,2
DA:146,2
DA:147,1
DA:148,2
DA:149,1
DA:151,2
DA:159,1
DA:161,1
DA:162,1
DA:163,1
DA:164,1
DA:165,0
DA:169,8
DA:176,1
DA:178,1
DA:179,5
LF:90
LH:88
end_of_record
SF:lib/src/select_interfaces.dart
DA:15,1
DA:17,2
DA:18,0
DA:26,1
DA:28,2
DA:29,0
LF:6
LH:4
end_of_record
SF:lib/src/insert_into.dart
DA:10,1
DA:11,1
DA:25,1
DA:33,1
DA:39,1
DA:40,1
DA:41,1
DA:42,1
DA:43,1
DA:46,1
DA:48,8
DA:50,5
DA:51,3
DA:52,2
DA:53,1
DA:54,6
DA:59,0
DA:61,0
DA:62,0
DA:63,0
DA:64,0
DA:65,0
DA:68,1
DA:69,1
DA:70,1
DA:71,1
DA:72,2
DA:73,1
DA:76,1
DA:77,2
DA:80,1
DA:81,1
DA:82,1
DA:83,2
DA:84,1
LF:35
LH:29
end_of_record
SF:lib/src/update.dart
DA:8,2
DA:15,1
DA:17,1
DA:22,1
DA:23,1
DA:24,1
DA:28,1
DA:29,3
DA:30,4
DA:31,1
DA:32,4
DA:37,0
DA:38,0
DA:39,0
DA:40,0
DA:41,0
DA:42,0
DA:45,1
DA:46,1
DA:47,1
DA:48,1
DA:49,2
DA:50,1
DA:53,1
DA:54,2
LF:25
LH:19
end_of_record
SF:lib/src/delete.dart
DA:7,1
DA:8,1
DA:15,1
DA:17,1
DA:18,1
DA:19,1
DA:20,0
DA:23,1
DA:24,3
DA:25,1
DA:26,4
DA:31,2
DA:32,1
DA:33,0
LF:14
LH:12
end_of_record
SF:lib/src/condition/equal_object_condition.dart
DA:7,1
DA:9,1
DA:10,5
LF:3
LH:3
end_of_record
SF:lib/src/condition/greater_equal_object_condition.dart
DA:7,1
DA:9,6
LF:2
LH:2
end_of_record
SF:lib/src/condition.dart
DA:36,1
DA:37,1
DA:39,0
DA:41,0
DA:42,0
DA:44,0
DA:45,0
LF:7
LH:2
end_of_record
SF:lib/src/condition/and_condition_pair.dart
DA:7,1
DA:9,1
DA:10,5
LF:3
LH:3
end_of_record
SF:lib/src/condition/greater_object_condition.dart
DA:7,1
DA:9,6
LF:2
LH:2
end_of_record
SF:lib/src/condition/less_field_condition.dart
DA:7,1
DA:9,6
LF:2
LH:2
end_of_record
SF:lib/src/condition/less_object_condition.dart
DA:7,1
DA:9,6
LF:2
LH:2
end_of_record
SF:lib/src/condition/or_condition_pair.dart
DA:7,1
DA:9,6
LF:2
LH:2
end_of_record
SF:lib/src/condition/generic_condition.dart
DA:4,3
DA:8,1
DA:10,1
DA:11,2
DA:12,1
DA:13,1
DA:14,1
DA:15,4
DA:21,1
DA:22,1
LF:10
LH:10
end_of_record
SF:lib/src/condition/less_equal_field_condition.dart
DA:7,1
DA:9,6
LF:2
LH:2
end_of_record
SF:lib/src/condition/like_condition.dart
DA:7,1
DA:9,6
LF:2
LH:2
end_of_record
SF:lib/src/condition/equal_field_condition.dart
DA:7,1
DA:9,1
DA:10,5
LF:3
LH:3
end_of_record
SF:lib/src/condition/greater_field_condition.dart
DA:7,1
DA:9,6
LF:2
LH:2
end_of_record
SF:lib/src/condition/greater_equal_field_condition.dart
DA:7,1
DA:9,6
LF:2
LH:2
end_of_record
SF:lib/src/condition/less_equal_object_condition.dart
DA:7,1
DA:9,6
LF:2
LH:2
end_of_record
SF:lib/utils.dart
DA:3,1
DA:4,2
DA:7,1
DA:8,1
DA:9,2
DA:13,3
DA:17,0
DA:18,0
DA:19,0
DA:25,0
DA:26,0
DA:27,0
DA:28,0
DA:31,0
DA:33,0
DA:41,0
DA:43,0
LF:17
LH:6
end_of_record
